<?xml version="1.0" encoding="UTF-8"?><testng-results failed="0" passed="0" skipped="10" total="10">
<suite duration-ms="0" name="cucumber.runtime.formatter.TestNGFormatter">
<test duration-ms="0" name="cucumber.runtime.formatter.TestNGFormatter">
<class name="API test">
<test-method duration-ms="0" finished-at="2025-10-03T14:46:38Z" name="Should see LIST USERS of all existing users" started-at="2025-10-03T14:46:38Z" status="SKIP"/>
<test-method duration-ms="0" finished-at="2025-10-03T14:46:38Z" name="Should see SINGLE USER data" started-at="2025-10-03T14:46:38Z" status="SKIP"/>
<test-method duration-ms="0" finished-at="2025-10-03T14:46:38Z" name="Should see SINGLE USER NOT FOUND error code" started-at="2025-10-03T14:46:38Z" status="SKIP"/>
<test-method duration-ms="0" finished-at="2025-10-03T14:46:38Z" name="CREATE a user" started-at="2025-10-03T14:46:38Z" status="SKIP"/>
<test-method duration-ms="0" finished-at="2025-10-03T14:46:38Z" name="CREATE a user_2" started-at="2025-10-03T14:46:38Z" status="SKIP"/>
<test-method duration-ms="0" finished-at="2025-10-03T14:46:38Z" name="LOGIN - SUCCESSFUL by a user" started-at="2025-10-03T14:46:38Z" status="SKIP"/>
<test-method duration-ms="0" finished-at="2025-10-03T14:46:38Z" name="LOGIN - UNSUCCESSFUL by a user" started-at="2025-10-03T14:46:38Z" status="SKIP"/>
<test-method duration-ms="0" finished-at="2025-10-03T14:46:38Z" name="Should see the list of users with DELAYED RESPONSE" started-at="2025-10-03T14:46:38Z" status="SKIP"/>
</class>
<class name="Sample Test">
<test-method duration-ms="0" finished-at="2025-10-03T14:46:38Z" name="Sample" started-at="2025-10-03T14:46:38Z" status="SKIP"/>
</class>
<class name="Checkout items in the basket">
<test-method duration-ms="0" finished-at="2025-10-03T14:46:38Z" name="Check item total cost and tax" started-at="2025-10-03T14:46:38Z" status="SKIP"/>
</class>
</test>
</suite>
</testng-results>
